This is e-pTeX, Version 3.14159265-p3.6-141210-2.6 (utf8.euc) (TeX Live 2015) (preloaded format=platex 2015.11.21)  27 NOV 2018 00:40
entering extended mode
 restricted \write18 enabled.
 file:line:error style messages enabled.
 %&-line parsing enabled.
**09
(./09.tex
pLaTeX2e <2006/11/10> (based on LaTeX2e <2015/01/01> patch level 0)
Babel <3.9l> and hyphenation patterns for 79 languages loaded.
./09.tex:1: Undefined control sequence.
l.1 \chapter
            {終りに}
? 
./09.tex:1: Emergency stop.
l.1 \chapter
            {終りに}
End of file on the terminal!

 
Here is how much of TeX's memory you used:
 4 strings out of 493777
 22 string characters out of 6151333
 53434 words of memory out of 5000000
 3593 multiletter control sequences out of 15000+600000
 7519 words of font info for 31 fonts, out of 8000000 for 9000
 929 hyphenation exceptions out of 8191
 5i,0n,1p,21b,8s stack positions out of 5000i,500n,10000p,200000b,80000s
No pages of output.
